SF:lib/main.dart
DA:7,1
DA:8,1
DA:9,1
DA:10,0
DA:15,2
DA:17,1
DA:19,1
DA:23,2
DA:26,2
DA:32,1
DA:34,1
DA:35,1
DA:36,1
DA:40,1
DA:45,1
DA:46,1
DA:50,1
DA:55,1
DA:60,1
DA:65,1
LF:20
LH:19
end_of_record
SF:lib/core/base/base_exception_model.dart
DA:6,1
DA:10,1
DA:12,0
DA:13,0
DA:16,1
DA:18,0
DA:22,1
DA:24,2
DA:25,1
LF:9
LH:6
end_of_record
SF:lib/core/models/api_failure_model.dart
DA:4,0
LF:1
LH:0
end_of_record
SF:lib/core/base/base_page.dart
DA:4,1
DA:14,1
DA:16,1
DA:17,5
DA:18,1
DA:20,1
DA:23,1
DA:25,1
DA:26,1
DA:27,2
DA:28,2
DA:34,1
LF:12
LH:12
end_of_record
SF:lib/core/base/base_screen.dart
DA:5,3
DA:9,1
DA:11,1
DA:16,0
DA:18,0
DA:19,0
DA:20,0
DA:22,0
DA:23,0
DA:24,0
DA:25,0
DA:27,0
DA:29,0
DA:30,0
DA:31,0
LF:15
LH:3
end_of_record
SF:lib/core/base/base_web_page.dart
DA:4,1
DA:14,0
DA:16,0
DA:17,0
DA:18,0
DA:20,0
DA:23,0
DA:25,0
DA:26,0
DA:27,0
DA:28,0
LF:11
LH:1
end_of_record
SF:lib/core/base/base_web_screen.dart
DA:5,0
DA:9,0
DA:11,0
DA:16,0
DA:18,0
DA:19,0
DA:20,0
DA:22,0
DA:23,0
DA:24,0
DA:25,0
DA:27,0
DA:29,0
DA:30,0
DA:31,0
LF:15
LH:0
end_of_record
SF:lib/core/di/injection_container.dart
DA:16,3
DA:18,1
DA:19,4
DA:21,2
DA:22,4
DA:25,2
DA:26,4
DA:29,2
DA:30,4
DA:33,2
DA:34,4
DA:37,2
DA:38,4
DA:41,2
DA:42,4
DA:45,2
DA:46,4
LF:17
LH:17
end_of_record
SF:lib/feature/coin_details/data/data_source/coin_details_data_source_repository_impl.dart
DA:13,1
DA:15,1
DA:19,2
DA:20,2
DA:21,1
DA:23,3
DA:26,1
DA:30,2
DA:31,2
DA:32,1
DA:33,2
DA:34,2
DA:35,1
DA:36,0
DA:37,1
DA:40,3
LF:16
LH:15
end_of_record
SF:lib/feature/coin_details/data/repository_impl/coin_details_repository_impl.dart
DA:18,1
DA:20,1
DA:23,3
DA:25,1
DA:28,1
DA:29,2
DA:30,1
DA:32,1
DA:33,2
DA:36,1
DA:39,1
DA:40,2
DA:45,1
DA:49,1
DA:50,1
DA:51,1
DA:52,1
DA:54,1
DA:55,2
LF:19
LH:19
end_of_record
SF:lib/feature/coin_details/domain/usecase/get_coin_details_usecase.dart
DA:13,1
DA:15,1
DA:18,2
LF:3
LH:3
end_of_record
SF:lib/feature/coin_details/domain/usecase/get_coin_market_data_usecase.dart
DA:16,1
DA:18,1
DA:21,2
LF:3
LH:3
end_of_record
SF:lib/feature/home/data/data_source/home_data_source_repository_impl.dart
DA:12,1
DA:14,1
DA:18,2
DA:20,1
DA:21,1
DA:26,1
DA:27,3
DA:28,2
LF:8
LH:8
end_of_record
SF:lib/feature/home/data/repository_impl/home_repository_impl.dart
DA:14,1
DA:16,1
DA:19,3
DA:21,1
DA:24,1
DA:25,1
DA:26,2
DA:27,1
DA:28,1
DA:29,2
DA:30,2
DA:32,1
LF:12
LH:12
end_of_record
SF:lib/feature/home/domain/usecase/get_market_coins_usecase.dart
DA:17,1
DA:19,1
DA:22,2
LF:3
LH:3
end_of_record
SF:lib/core/network_repository/network_repository_impl.dart
DA:7,1
DA:14,1
DA:16,1
DA:17,2
DA:18,2
DA:21,1
DA:22,1
DA:23,1
DA:25,1
DA:27,0
DA:31,1
DA:32,2
DA:34,0
DA:35,0
DA:36,0
DA:37,0
DA:38,0
DA:39,0
DA:40,0
DA:41,0
DA:43,0
LF:21
LH:11
end_of_record
SF:lib/core/enums/market_chart_time_filter.dart
DA:6,1
DA:8,1
DA:10,1
DA:12,1
DA:14,1
DA:19,1
DA:21,1
DA:23,0
DA:25,0
DA:27,0
DA:32,1
DA:34,1
DA:41,1
DA:43,1
DA:45,0
DA:47,0
DA:49,0
LF:17
LH:11
end_of_record
SF:lib/core/enums/screen_type.dart
DA:6,1
DA:7,3
DA:8,1
DA:9,1
DA:10,1
LF:5
LH:5
end_of_record
SF:lib/core/ui/atoms/carousel_slider_widget.dart
DA:8,1
DA:14,1
DA:15,1
DA:21,1
DA:23,1
DA:24,1
DA:25,1
DA:26,1
DA:27,2
DA:29,1
DA:32,1
DA:33,2
DA:34,1
DA:38,2
DA:41,1
DA:44,6
DA:45,1
DA:49,1
DA:50,1
DA:51,3
DA:55,1
LF:21
LH:21
end_of_record
SF:lib/core/ui/atoms/custom_icon_widget.dart
DA:5,3
DA:15,1
DA:17,4
LF:3
LH:3
end_of_record
SF:lib/core/ui/atoms/pagination_controller.dart
DA:11,1
DA:13,0
DA:15,1
DA:16,4
DA:19,1
DA:20,3
DA:21,2
DA:24,0
DA:25,0
DA:26,0
DA:27,0
DA:28,0
DA:29,0
DA:30,0
DA:31,0
DA:32,0
LF:16
LH:6
end_of_record
SF:lib/core/ui/atoms/primary_button.dart
DA:14,1
DA:28,1
DA:30,1
DA:31,1
DA:32,1
DA:33,1
DA:35,1
DA:36,1
DA:37,2
DA:41,1
DA:42,1
DA:44,1
DA:45,1
DA:46,1
DA:47,1
LF:15
LH:15
end_of_record
SF:lib/core/ui/atoms/primary_chip.dart
DA:11,1
DA:19,1
DA:21,1
DA:22,1
DA:25,1
DA:28,3
DA:29,0
DA:30,1
DA:32,1
DA:33,1
DA:35,1
DA:37,1
DA:38,1
DA:41,0
DA:42,0
DA:44,0
DA:46,4
DA:47,1
DA:49,1
LF:19
LH:15
end_of_record
SF:lib/core/ui/atoms/primary_text_button.dart
DA:7,1
DA:13,1
DA:15,1
DA:16,1
DA:17,1
DA:18,2
DA:19,1
DA:21,3
LF:8
LH:8
end_of_record
SF:lib/core/ui/atoms/profit_loss_text_widget.dart
DA:8,1
DA:15,1
DA:17,1
DA:18,1
DA:19,2
DA:20,0
DA:21,3
DA:22,6
DA:24,1
DA:25,4
DA:26,2
LF:11
LH:10
end_of_record
SF:lib/core/ui/molecules/campaign_widget.dart
DA:8,1
DA:10,1
DA:12,1
DA:14,1
DA:28,1
DA:30,3
LF:6
LH:6
end_of_record
SF:lib/core/ui/molecules/coin_details_tile.dart
DA:12,0
DA:14,0
DA:16,0
DA:17,0
DA:19,0
DA:20,0
DA:22,0
DA:33,0
DA:36,0
DA:37,0
DA:38,0
DA:39,0
DA:40,0
DA:43,0
DA:44,0
DA:45,0
DA:46,0
DA:47,0
DA:48,0
DA:50,0
DA:52,0
DA:53,0
DA:55,0
DA:57,0
DA:58,0
DA:60,0
DA:63,0
DA:64,0
DA:66,0
DA:68,0
DA:69,0
DA:71,0
DA:76,0
DA:77,0
DA:78,0
DA:80,0
DA:81,0
DA:82,0
DA:83,0
DA:84,0
DA:86,0
DA:87,0
DA:89,0
DA:90,0
DA:93,0
DA:94,0
DA:95,0
DA:96,0
DA:97,0
DA:99,0
DA:100,0
DA:102,0
DA:103,0
DA:116,0
DA:117,0
DA:120,0
DA:123,0
DA:126,0
DA:127,0
DA:130,0
DA:133,0
DA:141,0
DA:148,0
DA:150,0
DA:152,0
DA:153,0
DA:154,0
DA:155,0
DA:159,0
DA:160,0
DA:161,0
DA:163,0
DA:164,0
DA:167,0
DA:168,0
DA:169,0
DA:170,0
LF:77
LH:0
end_of_record
SF:lib/feature/coin_details/domain/entities/coin_item_entity.dart
DA:24,1
DA:45,1
DA:47,1
DA:48,1
DA:49,1
DA:50,1
DA:51,1
DA:52,1
DA:53,1
DA:55,1
DA:56,1
DA:57,2
DA:58,2
DA:59,2
DA:62,1
DA:63,1
DA:64,1
DA:65,1
DA:66,1
DA:67,1
DA:68,1
DA:69,1
DA:70,1
DA:71,1
DA:72,1
DA:82,1
DA:84,0
DA:85,0
DA:86,0
DA:87,0
DA:90,0
DA:91,0
DA:92,0
DA:93,0
DA:94,0
LF:35
LH:26
end_of_record
SF:lib/core/ui/molecules/coin_item_widget.dart
DA:11,1
DA:19,1
DA:21,1
DA:23,1
DA:25,4
DA:28,1
DA:29,1
DA:30,2
DA:37,1
DA:38,3
DA:41,1
DA:43,1
DA:44,1
DA:45,6
DA:46,1
DA:48,3
DA:54,1
DA:55,3
LF:18
LH:18
end_of_record
SF:lib/core/ui/molecules/custom_network_image.dart
DA:7,1
DA:9,1
DA:11,1
DA:12,1
DA:15,1
DA:22,1
LF:6
LH:6
end_of_record
SF:lib/feature/home/domain/entities/market_coin_entity.dart
DA:14,1
DA:25,0
DA:26,0
DA:27,0
DA:28,0
DA:29,0
DA:30,0
DA:31,0
DA:32,0
DA:33,0
DA:36,0
DA:37,0
DA:38,0
DA:39,0
DA:40,0
DA:41,0
DA:42,0
DA:43,0
DA:44,0
DA:45,0
DA:49,1
DA:51,1
DA:52,1
DA:53,1
DA:54,1
DA:55,1
DA:56,1
DA:57,1
DA:58,1
DA:59,1
LF:30
LH:11
end_of_record
SF:lib/core/ui/molecules/coin_selected_widget.dart
DA:13,1
DA:21,1
DA:23,1
DA:24,1
DA:25,1
DA:30,1
DA:32,2
DA:33,2
DA:34,1
DA:35,1
DA:44,1
DA:45,1
DA:46,1
DA:47,3
LF:14
LH:14
end_of_record
SF:lib/core/ui/molecules/custom_appbar.dart
DA:21,1
DA:39,1
DA:41,1
DA:42,1
DA:43,1
DA:45,1
DA:46,1
DA:47,1
DA:48,1
DA:49,2
DA:50,1
DA:51,1
DA:54,3
DA:61,0
DA:62,0
LF:15
LH:13
end_of_record
SF:lib/core/ui/molecules/custom_tabbar.dart
DA:23,1
DA:42,1
DA:43,1
DA:48,1
DA:50,1
DA:51,2
DA:55,4
DA:56,6
DA:60,1
DA:61,2
DA:62,3
DA:63,2
DA:65,2
DA:70,1
DA:72,1
DA:73,2
DA:74,1
DA:75,2
DA:76,2
DA:77,1
DA:78,3
DA:79,1
DA:82,2
DA:83,1
DA:84,2
DA:86,1
DA:87,1
DA:88,2
DA:91,2
DA:92,3
DA:94,2
DA:95,1
DA:96,2
DA:97,2
DA:103,1
DA:104,2
DA:105,2
DA:106,2
DA:109,2
DA:111,2
DA:113,2
DA:118,1
LF:42
LH:42
end_of_record
SF:lib/core/ui/molecules/custom_web_tabbar.dart
DA:26,0
DA:47,0
DA:48,0
DA:53,0
DA:55,0
DA:56,0
DA:60,0
DA:61,0
DA:65,0
DA:66,0
DA:67,0
DA:68,0
DA:70,0
DA:75,0
DA:77,0
DA:78,0
DA:79,0
DA:80,0
DA:81,0
DA:82,0
DA:83,0
DA:84,0
DA:85,0
DA:88,0
DA:89,0
DA:90,0
DA:93,0
DA:94,0
DA:95,0
DA:96,0
DA:99,0
DA:100,0
DA:104,0
DA:105,0
DA:106,0
DA:107,0
DA:113,0
DA:114,0
DA:115,0
DA:116,0
DA:118,0
DA:120,0
DA:121,0
DA:122,0
DA:127,0
LF:45
LH:0
end_of_record
SF:lib/core/ui/molecules/info_tile.dart
DA:13,1
DA:22,1
DA:24,1
DA:26,2
DA:28,1
DA:29,1
DA:30,1
DA:35,1
DA:36,1
DA:39,0
DA:42,4
DA:46,1
DA:48,1
DA:49,1
DA:50,1
DA:53,0
DA:56,3
LF:17
LH:15
end_of_record
SF:lib/core/ui/molecules/web_appbar.dart
DA:19,0
DA:36,0
DA:38,0
DA:39,0
DA:40,0
DA:41,0
DA:42,0
DA:43,0
DA:51,0
DA:52,0
LF:10
LH:0
end_of_record
SF:lib/feature/coin_details/data/models/coin_details_req_model.dart
DA:9,1
DA:11,0
DA:12,0
DA:13,0
DA:16,0
DA:17,0
DA:18,0
DA:19,0
DA:23,1
DA:25,1
DA:26,1
DA:27,1
LF:12
LH:5
end_of_record
SF:lib/feature/coin_details/data/models/coin_item_model.dart
DA:20,0
DA:39,1
DA:40,2
DA:41,2
DA:42,2
DA:43,2
DA:44,1
DA:45,3
DA:46,3
DA:47,2
DA:48,4
DA:50,4
DA:51,4
DA:52,2
DA:53,2
DA:54,1
DA:55,4
DA:56,1
DA:58,2
DA:59,1
DA:60,4
DA:61,1
DA:63,2
DA:64,1
DA:65,4
DA:66,1
DA:68,2
DA:69,1
DA:70,3
DA:71,1
DA:73,2
DA:74,1
DA:75,3
DA:76,1
DA:78,2
DA:79,1
DA:80,3
DA:81,1
DA:83,2
DA:84,1
DA:85,3
DA:86,1
DA:88,2
DA:89,1
DA:90,3
DA:91,1
DA:101,0
DA:103,1
DA:104,2
DA:105,2
DA:106,2
DA:109,0
DA:110,0
DA:111,0
DA:112,0
DA:113,0
LF:56
LH:49
end_of_record
SF:lib/feature/coin_details/data/models/coin_market_data_model.dart
DA:6,0
DA:8,1
DA:9,1
DA:10,2
DA:11,3
DA:12,3
DA:15,1
DA:16,2
DA:17,3
DA:18,3
DA:21,1
DA:22,2
DA:23,3
DA:24,3
DA:29,0
DA:30,0
DA:31,0
DA:32,0
DA:34,0
DA:35,0
DA:37,0
DA:38,0
DA:48,0
DA:50,1
DA:51,2
DA:52,3
DA:55,1
DA:56,3
LF:28
LH:18
end_of_record
SF:lib/feature/coin_details/data/models/get_coin_market_data_req_model.dart
DA:11,1
DA:18,1
DA:20,1
DA:21,1
DA:22,1
DA:23,1
DA:24,1
LF:7
LH:7
end_of_record
SF:lib/feature/coin_details/domain/entities/coin_details_req_entity.dart
DA:5,1
DA:7,0
DA:8,0
DA:9,0
DA:12,0
DA:13,0
DA:14,0
DA:15,0
LF:8
LH:1
end_of_record
SF:lib/feature/coin_details/domain/entities/get_coin_market_data_req_entity.dart
DA:7,1
LF:1
LH:1
end_of_record
SF:lib/feature/coin_details/domain/entities/coin_market_data_entity.dart
DA:10,1
DA:12,0
DA:13,0
DA:14,0
DA:15,0
DA:16,0
DA:19,0
DA:20,0
DA:21,0
DA:22,0
DA:25,0
DA:26,0
DA:27,0
DA:28,0
DA:33,0
DA:34,0
DA:35,0
DA:36,0
DA:38,0
DA:39,0
DA:41,0
DA:42,0
DA:47,1
DA:49,1
DA:51,1
DA:52,4
DA:53,1
DA:55,1
DA:56,4
DA:57,1
DA:59,1
DA:60,4
DA:61,1
DA:70,0
DA:72,1
DA:73,2
DA:74,3
DA:77,0
DA:78,0
LF:39
LH:15
end_of_record
SF:lib/feature/coin_details/presentation/bloc/coin_details_event.dart
DA:8,1
DA:13,1
DA:18,0
LF:3
LH:2
end_of_record
SF:lib/feature/coin_details/presentation/bloc/coin_details_state.dart
DA:12,0
LF:1
LH:0
end_of_record
SF:lib/feature/coin_details/presentation/bloc/coin_details_bloc.dart
DA:21,1
DA:24,2
DA:25,2
DA:26,2
DA:27,2
DA:30,0
DA:31,0
DA:32,0
DA:35,0
DA:39,0
DA:40,0
DA:43,1
DA:47,2
DA:48,2
DA:50,1
DA:51,0
DA:52,0
DA:54,1
DA:55,1
DA:56,2
DA:61,1
DA:65,2
DA:66,1
DA:67,1
DA:69,3
DA:70,2
DA:73,1
DA:74,0
DA:75,0
DA:77,1
DA:78,1
DA:79,2
LF:32
LH:22
end_of_record
SF:lib/feature/coin_details/presentation/views/coin_details_page.dart
DA:10,1
DA:12,1
DA:13,1
DA:22,1
DA:24,1
DA:25,2
DA:26,2
DA:30,1
DA:31,1
DA:32,1
DA:33,0
DA:34,0
LF:12
LH:10
end_of_record
SF:lib/feature/coin_details/presentation/views/coin_details_screen.dart
DA:19,1
DA:21,1
DA:22,1
DA:27,3
DA:30,1
DA:32,2
DA:33,5
DA:34,5
DA:35,1
DA:38,1
DA:40,1
DA:41,1
DA:43,1
DA:44,2
DA:45,0
DA:46,0
DA:49,0
DA:50,0
DA:54,1
DA:55,1
DA:56,1
DA:57,0
DA:60,1
DA:61,2
DA:62,2
DA:65,1
DA:66,1
DA:67,1
DA:68,1
DA:69,1
DA:70,2
DA:71,1
DA:72,5
DA:73,3
DA:75,2
DA:76,1
DA:77,2
DA:78,1
DA:79,2
DA:80,2
DA:81,2
DA:82,2
DA:84,2
DA:85,1
DA:89,3
DA:90,1
DA:96,0
DA:99,1
DA:101,1
DA:102,2
DA:103,1
DA:105,2
DA:109,1
DA:110,1
DA:111,1
DA:112,1
DA:114,1
DA:115,1
DA:116,3
DA:117,1
DA:119,3
DA:120,1
DA:122,0
DA:136,1
DA:137,3
DA:139,3
DA:140,2
DA:141,1
DA:142,3
DA:144,3
DA:146,0
DA:147,0
DA:149,0
DA:151,0
DA:152,0
DA:154,0
DA:156,0
DA:157,0
DA:159,0
DA:162,1
DA:164,1
DA:166,1
DA:167,1
DA:168,3
DA:169,1
DA:173,3
DA:174,1
DA:175,3
DA:176,1
DA:177,1
DA:178,3
LF:91
LH:75
end_of_record
SF:lib/feature/coin_details/presentation/widgets/coin_details_appbar.dart
DA:12,1
DA:14,1
DA:16,1
DA:17,2
DA:18,1
DA:19,1
DA:20,1
DA:21,1
DA:23,1
DA:24,1
DA:26,3
DA:27,2
DA:28,2
DA:36,1
DA:37,2
LF:15
LH:15
end_of_record
SF:lib/feature/coin_details/presentation/widgets/coin_overview.dart
DA:15,1
DA:22,1
DA:23,1
DA:31,1
DA:33,1
DA:34,3
DA:37,1
DA:40,1
DA:43,0
DA:44,0
DA:45,0
DA:49,1
DA:51,1
DA:52,3
DA:53,1
DA:55,1
DA:56,1
DA:57,3
DA:58,3
DA:59,1
DA:60,1
DA:62,5
DA:63,1
DA:64,1
DA:66,1
DA:73,1
DA:74,1
DA:75,1
DA:76,1
DA:79,4
DA:81,1
DA:84,1
DA:86,1
DA:87,1
DA:88,6
DA:91,0
DA:92,3
DA:94,1
DA:95,4
DA:98,0
DA:100,0
DA:105,4
DA:107,4
DA:116,1
DA:119,6
DA:122,0
DA:125,1
DA:126,2
DA:129,0
DA:130,1
DA:131,0
DA:132,1
DA:133,2
DA:134,1
DA:135,1
DA:136,1
DA:138,0
LF:57
LH:47
end_of_record
SF:lib/feature/coin_details/presentation/widgets/coin_price_chart.dart
DA:20,1
DA:31,1
DA:32,1
DA:38,1
DA:40,1
DA:41,4
DA:42,1
DA:43,1
DA:44,1
DA:45,2
DA:46,2
DA:48,2
DA:49,1
DA:55,1
DA:56,1
DA:59,2
DA:60,3
DA:61,1
DA:62,0
DA:63,1
DA:65,0
DA:67,1
DA:71,1
DA:72,3
DA:74,4
DA:75,5
DA:76,1
DA:78,1
DA:79,1
DA:84,1
DA:87,1
DA:88,1
DA:90,3
DA:91,0
DA:94,1
DA:99,1
DA:100,1
DA:101,1
DA:112,1
DA:114,6
DA:116,1
DA:118,6
DA:120,1
DA:121,1
DA:124,2
DA:125,1
DA:126,1
DA:127,1
DA:128,1
DA:129,1
DA:135,0
DA:137,0
DA:138,0
DA:139,0
DA:140,0
DA:145,0
DA:146,0
DA:147,0
DA:149,0
DA:158,0
DA:163,0
DA:164,0
DA:165,0
DA:166,0
DA:168,0
DA:169,0
DA:170,0
DA:171,0
DA:179,0
DA:180,0
DA:183,0
DA:184,0
DA:185,0
DA:187,0
LF:74
LH:47
end_of_record
SF:lib/routes.dart
DA:11,1
DA:12,1
DA:13,1
DA:14,0
DA:15,0
DA:16,0
DA:18,1
DA:19,1
DA:20,1
DA:21,1
DA:23,1
DA:27,1
DA:28,1
DA:29,2
DA:34,0
DA:35,0
DA:36,0
DA:37,0
DA:38,0
DA:39,0
DA:40,0
DA:41,0
DA:45,0
DA:47,0
DA:48,0
DA:49,0
LF:26
LH:11
end_of_record
SF:lib/feature/home/data/models/get_market_coins_req_model.dart
DA:12,1
DA:20,0
DA:21,0
DA:22,0
DA:23,0
DA:24,0
DA:25,0
DA:28,1
DA:29,1
DA:30,2
DA:31,2
DA:32,3
DA:33,3
DA:34,3
DA:38,1
DA:40,1
DA:41,1
DA:42,1
DA:43,1
DA:44,1
DA:45,1
LF:21
LH:15
end_of_record
SF:lib/feature/home/data/models/market_coin_model.dart
DA:10,0
DA:21,1
DA:22,2
DA:23,2
DA:24,2
DA:25,2
DA:26,2
DA:27,3
DA:29,2
DA:30,3
DA:32,2
DA:33,2
DA:34,1
DA:35,1
DA:37,2
DA:38,1
DA:42,0
DA:43,0
DA:44,0
DA:45,0
DA:46,0
DA:47,0
DA:48,0
DA:49,0
DA:50,0
LF:25
LH:15
end_of_record
SF:lib/feature/home/domain/entities/get_market_coins_req_entity.dart
DA:8,1
DA:16,0
DA:17,0
DA:18,0
DA:19,0
DA:20,0
DA:21,0
DA:24,0
DA:25,0
DA:26,0
DA:27,0
DA:28,0
DA:29,0
DA:30,0
LF:14
LH:1
end_of_record
SF:lib/feature/home/presentation/bloc/home_bloc.dart
DA:27,3
DA:28,1
DA:30,2
DA:31,1
DA:32,1
DA:33,2
DA:35,2
DA:36,2
DA:37,1
DA:39,1
DA:40,1
DA:41,1
DA:45,1
DA:46,0
DA:47,0
DA:49,1
DA:50,2
DA:51,2
DA:52,2
DA:58,0
DA:59,0
DA:60,0
DA:63,1
DA:64,2
DA:65,2
DA:66,3
DA:68,1
DA:69,1
DA:70,2
DA:73,3
DA:75,1
DA:76,0
DA:77,0
DA:78,0
DA:80,0
DA:81,0
DA:82,0
DA:83,0
DA:88,1
DA:91,1
DA:93,2
DA:94,1
DA:95,2
DA:96,1
LF:44
LH:32
end_of_record
SF:lib/feature/home/presentation/bloc/home_state.dart
DA:11,0
LF:1
LH:0
end_of_record
SF:lib/feature/home/presentation/bloc/home_event.dart
DA:10,1
LF:1
LH:1
end_of_record
SF:lib/feature/home/presentation/view/home_page.dart
DA:9,1
DA:11,1
DA:12,1
DA:16,1
DA:18,1
DA:19,4
LF:6
LH:6
end_of_record
SF:lib/feature/home/presentation/view/home_screen.dart
DA:18,2
DA:20,1
DA:21,1
DA:26,3
DA:28,1
DA:30,3
DA:33,2
DA:35,5
DA:36,5
DA:37,1
DA:40,1
DA:42,1
DA:44,1
DA:46,1
DA:47,1
DA:49,1
DA:51,1
DA:77,1
DA:98,1
DA:99,1
DA:100,1
DA:101,1
DA:102,3
DA:104,1
DA:105,0
DA:108,1
DA:109,3
DA:110,1
DA:112,1
DA:113,1
DA:114,1
DA:115,1
DA:116,2
DA:117,1
DA:119,3
DA:122,1
DA:124,3
DA:129,1
DA:130,1
DA:131,1
DA:132,2
DA:133,2
DA:138,1
DA:139,1
DA:140,1
DA:143,1
DA:145,1
DA:146,1
DA:149,1
DA:152,0
DA:154,0
DA:159,1
DA:160,1
DA:161,2
DA:162,1
DA:163,1
DA:164,2
DA:166,1
DA:167,1
DA:168,1
DA:170,1
DA:171,2
DA:173,1
DA:174,1
DA:175,1
DA:190,1
LF:66
LH:63
end_of_record
SF:lib/feature/home/presentation/widgets/coins_listview.dart
DA:10,1
DA:16,1
DA:18,1
DA:21,2
DA:22,1
DA:23,1
DA:24,1
DA:25,2
DA:26,2
DA:27,1
DA:29,0
DA:31,0
DA:32,0
DA:35,1
DA:38,3
LF:15
LH:12
end_of_record
SF:lib/feature/web_home/presentation/bloc/web_home_bloc.dart
DA:10,0
DA:11,0
DA:12,0
DA:13,0
DA:14,0
LF:5
LH:0
end_of_record
SF:lib/feature/web_home/presentation/bloc/web_home_event.dart
DA:8,0
LF:1
LH:0
end_of_record
SF:lib/feature/web_home/presentation/views/web_home_page.dart
DA:13,1
DA:15,0
DA:16,0
DA:22,0
DA:24,0
DA:25,0
DA:26,0
DA:28,0
DA:29,0
DA:30,0
DA:33,0
DA:34,0
DA:36,0
DA:40,0
DA:41,0
LF:15
LH:1
end_of_record
SF:lib/feature/web_home/presentation/views/web_home_screen.dart
DA:21,0
DA:23,0
DA:24,0
DA:28,0
DA:30,0
DA:31,0
DA:33,0
DA:34,0
DA:36,0
DA:38,0
DA:39,0
DA:50,0
DA:57,0
DA:58,0
DA:68,0
DA:70,0
DA:71,0
DA:72,0
DA:73,0
DA:74,0
DA:75,0
DA:76,0
DA:77,0
DA:79,0
DA:82,0
DA:84,0
DA:85,0
DA:86,0
DA:89,0
DA:91,0
DA:92,0
DA:93,0
DA:94,0
DA:95,0
DA:96,0
DA:97,0
DA:98,0
DA:99,0
DA:101,0
DA:104,0
DA:105,0
DA:106,0
DA:109,0
DA:110,0
DA:111,0
DA:115,0
DA:116,0
DA:119,0
DA:120,0
DA:121,0
DA:123,0
DA:124,0
DA:125,0
DA:126,0
DA:127,0
DA:129,0
DA:130,0
DA:131,0
DA:132,0
DA:135,0
DA:136,0
DA:137,0
DA:138,0
DA:141,0
DA:142,0
DA:144,0
DA:145,0
DA:146,0
DA:148,0
DA:149,0
DA:150,0
DA:151,0
DA:154,0
DA:157,0
DA:158,0
DA:159,0
DA:160,0
DA:161,0
DA:162,0
DA:163,0
DA:164,0
DA:165,0
DA:166,0
DA:169,0
DA:170,0
DA:172,0
DA:174,0
DA:176,0
DA:178,0
DA:180,0
DA:182,0
DA:189,0
DA:192,0
DA:194,0
DA:195,0
DA:196,0
DA:197,0
DA:198,0
DA:204,0
DA:206,0
DA:214,0
DA:217,0
DA:218,0
DA:221,0
DA:222,0
DA:224,0
DA:225,0
LF:107
LH:0
end_of_record
SF:lib/feature/web_home/presentation/widgets/web_coin_listview.dart
DA:18,0
DA:25,0
DA:26,0
DA:33,0
DA:35,0
DA:36,0
DA:37,0
DA:38,0
DA:41,0
DA:43,0
DA:44,0
DA:45,0
DA:46,0
DA:47,0
DA:48,0
DA:51,0
DA:52,0
DA:53,0
DA:58,0
DA:59,0
DA:60,0
DA:61,0
DA:62,0
DA:63,0
DA:64,0
DA:65,0
DA:66,0
DA:67,0
DA:69,0
DA:70,0
DA:72,0
DA:77,0
DA:79,0
DA:81,0
DA:82,0
DA:85,0
DA:86,0
DA:87,0
DA:88,0
DA:90,0
DA:91,0
DA:92,0
DA:93,0
LF:43
LH:0
end_of_record
